<?xml version="1.0" encoding="UTF-8"?>
<!-- Generated by org.testng.reporters.JUnitXMLReporter -->
<testsuite ignored="0" hostname="DESKTOP-OE99T1U" failures="1" tests="1" name="Command line test" time="0.051" errors="0" timestamp="2019-09-17T21:15:35 MSK">
  <testcase classname="by.samtsov.travelagency.dao.FileReaderTest" name="testReadFile" time="0.012">
    <failure type="org.testng.TestException" message="
Expected exception of type class java.io.IOException but got java.io.UncheckedIOException: java.nio.charset.MalformedInputException: Input length = 1">
      <![CDATA[org.testng.TestException: 
Expected exception of type class java.io.IOException but got java.io.UncheckedIOException: java.nio.charset.MalformedInputException: Input length = 1
at java.base/java.util.ArrayList.forEach(ArrayList.java:1540)
Caused by: java.io.UncheckedIOException: java.nio.charset.MalformedInputException: Input length = 1
at java.base/java.nio.file.FileChannelLinesSpliterator.readLine(FileChannelLinesSpliterator.java:173)
at java.base/java.nio.file.FileChannelLinesSpliterator.forEachRemaining(FileChannelLinesSpliterator.java:113)
at java.base/java.util.stream.AbstractPipeline.copyInto(AbstractPipeline.java:484)
at java.base/java.util.stream.AbstractPipeline.wrapAndCopyInto(AbstractPipeline.java:474)
at java.base/java.util.stream.ReduceOps$ReduceOp.evaluateSequential(ReduceOps.java:913)
at java.base/java.util.stream.AbstractPipeline.evaluate(AbstractPipeline.java:234)
at java.base/java.util.stream.ReferencePipeline.collect(ReferencePipeline.java:578)
at by.samtsov.travelagency.services.FileReadWriter.readFile(FileReadWriter.java:16)
at by.samtsov.travelagency.dao.FileReaderTest.testReadFile(FileReaderTest.java:17)
... 31 more
Caused by: java.nio.charset.MalformedInputException: Input length = 1
at java.base/java.nio.charset.CoderResult.throwException(CoderResult.java:274)
at java.base/sun.nio.cs.StreamDecoder.implRead(StreamDecoder.java:339)
at java.base/sun.nio.cs.StreamDecoder.read(StreamDecoder.java:178)
at java.base/java.io.BufferedReader.fill(BufferedReader.java:161)
at java.base/java.io.BufferedReader.readLine(BufferedReader.java:326)
at java.base/java.io.BufferedReader.readLine(BufferedReader.java:392)
at java.base/java.nio.file.FileChannelLinesSpliterator.readLine(FileChannelLinesSpliterator.java:171)
... 45 more
... Removed 39 stack frames]]>
    </failure>
  </testcase> <!-- testReadFile -->
</testsuite> <!-- Command line test -->
