<?xml version="1.0" encoding="UTF-8"?>
<testng-results ignored="0" total="1" passed="0" failed="1" skipped="0">
  <reporter-output>
  </reporter-output>
  <suite started-at="2019-09-17T21:15:34 MSK" name="by.samtsov.travelagency.dao.FileReaderTest" finished-at="2019-09-17T21:15:35 MSK" duration-ms="51">
    <groups>
    </groups>
    <test started-at="2019-09-17T21:15:34 MSK" name="Command line test" finished-at="2019-09-17T21:15:35 MSK" duration-ms="51">
      <class name="by.samtsov.travelagency.dao.FileReaderTest">
        <test-method signature="testReadFile()[pri:0, instance:by.samtsov.travelagency.dao.FileReaderTest@42d8062c]" started-at="2019-09-17T21:15:35 MSK" name="testReadFile" finished-at="2019-09-17T21:15:35 MSK" duration-ms="12" status="FAIL">
          <exception class="org.testng.TestException">
            <message>
              <![CDATA[
Expected exception of type class java.io.IOException but got java.io.UncheckedIOException: java.nio.charset.MalformedInputException: Input length = 1]]>
            </message>
            <full-stacktrace>
              <![CDATA[org.testng.TestException: 
Expected exception of type class java.io.IOException but got java.io.UncheckedIOException: java.nio.charset.MalformedInputException: Input length = 1
at org.testng.internal.ExpectedExceptionsHolder.wrongException(ExpectedExceptionsHolder.java:68)
at org.testng.internal.TestInvoker.considerExceptions(TestInvoker.java:719)
at org.testng.internal.TestInvoker.invokeMethod(TestInvoker.java:616)
at org.testng.internal.TestInvoker.invokeTestMethod(TestInvoker.java:172)
at org.testng.internal.MethodRunner.runInSequence(MethodRunner.java:46)
at org.testng.internal.TestInvoker$MethodInvocationAgent.invoke(TestInvoker.java:804)
at org.testng.internal.TestInvoker.invokeTestMethods(TestInvoker.java:145)
at org.testng.internal.TestMethodWorker.invokeTestMethods(TestMethodWorker.java:146)
at org.testng.internal.TestMethodWorker.run(TestMethodWorker.java:128)
at java.base/java.util.ArrayList.forEach(ArrayList.java:1540)
at org.testng.TestRunner.privateRun(TestRunner.java:770)
at org.testng.TestRunner.run(TestRunner.java:591)
at org.testng.SuiteRunner.runTest(SuiteRunner.java:402)
at org.testng.SuiteRunner.runSequentially(SuiteRunner.java:396)
at org.testng.SuiteRunner.privateRun(SuiteRunner.java:355)
at org.testng.SuiteRunner.run(SuiteRunner.java:304)
at org.testng.SuiteRunnerWorker.runSuite(SuiteRunnerWorker.java:53)
at org.testng.SuiteRunnerWorker.run(SuiteRunnerWorker.java:96)
at org.testng.TestNG.runSuitesSequentially(TestNG.java:1180)
at org.testng.TestNG.runSuitesLocally(TestNG.java:1102)
at org.testng.TestNG.runSuites(TestNG.java:1032)
at org.testng.TestNG.run(TestNG.java:1000)
at org.apache.maven.surefire.testng.TestNGExecutor.run(TestNGExecutor.java:77)
at org.apache.maven.surefire.testng.TestNGDirectoryTestSuite.execute(TestNGDirectoryTestSuite.java:110)
at org.apache.maven.surefire.testng.TestNGProvider.invoke(TestNGProvider.java:106)
at java.base/jdk.internal.reflect.NativeMethodAccessorImpl.invoke0(Native Method)
at java.base/jdk.internal.reflect.NativeMethodAccessorImpl.invoke(NativeMethodAccessorImpl.java:62)
at java.base/jdk.internal.reflect.DelegatingMethodAccessorImpl.invoke(DelegatingMethodAccessorImpl.java:43)
at java.base/java.lang.reflect.Method.invoke(Method.java:566)
at org.apache.maven.surefire.util.ReflectionUtils.invokeMethodWithArray(ReflectionUtils.java:189)
at org.apache.maven.surefire.booter.ProviderFactory$ProviderProxy.invoke(ProviderFactory.java:165)
at org.apache.maven.surefire.booter.ProviderFactory.invokeProvider(ProviderFactory.java:85)
at org.apache.maven.surefire.booter.ForkedBooter.runSuitesInProcess(ForkedBooter.java:115)
at org.apache.maven.surefire.booter.ForkedBooter.main(ForkedBooter.java:75)
Caused by: java.io.UncheckedIOException: java.nio.charset.MalformedInputException: Input length = 1
at java.base/java.nio.file.FileChannelLinesSpliterator.readLine(FileChannelLinesSpliterator.java:173)
at java.base/java.nio.file.FileChannelLinesSpliterator.forEachRemaining(FileChannelLinesSpliterator.java:113)
at java.base/java.util.stream.AbstractPipeline.copyInto(AbstractPipeline.java:484)
at java.base/java.util.stream.AbstractPipeline.wrapAndCopyInto(AbstractPipeline.java:474)
at java.base/java.util.stream.ReduceOps$ReduceOp.evaluateSequential(ReduceOps.java:913)
at java.base/java.util.stream.AbstractPipeline.evaluate(AbstractPipeline.java:234)
at java.base/java.util.stream.ReferencePipeline.collect(ReferencePipeline.java:578)
at by.samtsov.travelagency.services.FileReadWriter.readFile(FileReadWriter.java:16)
at by.samtsov.travelagency.dao.FileReaderTest.testReadFile(FileReaderTest.java:17)
at java.base/jdk.internal.reflect.NativeMethodAccessorImpl.invoke0(Native Method)
at java.base/jdk.internal.reflect.NativeMethodAccessorImpl.invoke(NativeMethodAccessorImpl.java:62)
at java.base/jdk.internal.reflect.DelegatingMethodAccessorImpl.invoke(DelegatingMethodAccessorImpl.java:43)
at java.base/java.lang.reflect.Method.invoke(Method.java:566)
at org.testng.internal.MethodInvocationHelper.invokeMethod(MethodInvocationHelper.java:133)
at org.testng.internal.TestInvoker.invokeMethod(TestInvoker.java:584)
... 31 more
Caused by: java.nio.charset.MalformedInputException: Input length = 1
at java.base/java.nio.charset.CoderResult.throwException(CoderResult.java:274)
at java.base/sun.nio.cs.StreamDecoder.implRead(StreamDecoder.java:339)
at java.base/sun.nio.cs.StreamDecoder.read(StreamDecoder.java:178)
at java.base/java.io.BufferedReader.fill(BufferedReader.java:161)
at java.base/java.io.BufferedReader.readLine(BufferedReader.java:326)
at java.base/java.io.BufferedReader.readLine(BufferedReader.java:392)
at java.base/java.nio.file.FileChannelLinesSpliterator.readLine(FileChannelLinesSpliterator.java:171)
... 45 more
]]>
            </full-stacktrace>
          </exception> <!-- org.testng.TestException -->
          <reporter-output>
          </reporter-output>
        </test-method> <!-- testReadFile -->
      </class> <!-- by.samtsov.travelagency.dao.FileReaderTest -->
    </test> <!-- Command line test -->
  </suite> <!-- by.samtsov.travelagency.dao.FileReaderTest -->
</testng-results>
